{"/Users/chris.vibert/personal/fetch-middleware/src/fetch-action.js": {"path":"/Users/chris.vibert/personal/fetch-middleware/src/fetch-action.js","statementMap":{"0":{"start":{"line":1,"column":27},"end":{"line":4,"column":2}},"1":{"start":{"line":1,"column":53},"end":{"line":4,"column":1}}},"fnMap":{"0":{"name":"(anonymous_0)","decl":{"start":{"line":1,"column":27},"end":{"line":1,"column":28}},"loc":{"start":{"line":1,"column":53},"end":{"line":4,"column":1}},"line":1}},"branchMap":{},"s":{"0":2,"1":1},"f":{"0":1},"b":{},"_coverageSchema":"43e27e138ebf9cfc5966b082cf9a028302ed4184","hash":"91d479c5fa13811bebd268f4235bea4dc65ac3bd"}
,"/Users/chris.vibert/personal/fetch-middleware/src/fetch-middleware.js": {"path":"/Users/chris.vibert/personal/fetch-middleware/src/fetch-middleware.js","statementMap":{"0":{"start":{"line":1,"column":24},"end":{"line":27,"column":1}},"1":{"start":{"line":1,"column":42},"end":{"line":27,"column":1}},"2":{"start":{"line":1,"column":50},"end":{"line":27,"column":1}},"3":{"start":{"line":2,"column":1},"end":{"line":4,"column":2}},"4":{"start":{"line":3,"column":2},"end":{"line":3,"column":21}},"5":{"start":{"line":6,"column":1},"end":{"line":9,"column":2}},"6":{"start":{"line":7,"column":2},"end":{"line":7,"column":75}},"7":{"start":{"line":8,"column":2},"end":{"line":8,"column":21}},"8":{"start":{"line":11,"column":20},"end":{"line":11,"column":44}},"9":{"start":{"line":13,"column":1},"end":{"line":13,"column":42}},"10":{"start":{"line":15,"column":1},"end":{"line":26,"column":4}},"11":{"start":{"line":17,"column":3},"end":{"line":20,"column":5}},"12":{"start":{"line":22,"column":3},"end":{"line":25,"column":5}}},"fnMap":{"0":{"name":"(anonymous_0)","decl":{"start":{"line":1,"column":24},"end":{"line":1,"column":25}},"loc":{"start":{"line":1,"column":42},"end":{"line":27,"column":1}},"line":1},"1":{"name":"(anonymous_1)","decl":{"start":{"line":1,"column":42},"end":{"line":1,"column":43}},"loc":{"start":{"line":1,"column":50},"end":{"line":27,"column":1}},"line":1},"2":{"name":"(anonymous_2)","decl":{"start":{"line":1,"column":50},"end":{"line":1,"column":51}},"loc":{"start":{"line":1,"column":60},"end":{"line":27,"column":1}},"line":1},"3":{"name":"(anonymous_3)","decl":{"start":{"line":16,"column":8},"end":{"line":16,"column":9}},"loc":{"start":{"line":16,"column":15},"end":{"line":21,"column":3}},"line":16},"4":{"name":"(anonymous_4)","decl":{"start":{"line":21,"column":5},"end":{"line":21,"column":6}},"loc":{"start":{"line":21,"column":12},"end":{"line":26,"column":3}},"line":21}},"branchMap":{"0":{"loc":{"start":{"line":2,"column":1},"end":{"line":4,"column":2}},"type":"if","locations":[{"start":{"line":2,"column":1},"end":{"line":4,"column":2}},{"start":{"line":2,"column":1},"end":{"line":4,"column":2}}],"line":2},"1":{"loc":{"start":{"line":6,"column":1},"end":{"line":9,"column":2}},"type":"if","locations":[{"start":{"line":6,"column":1},"end":{"line":9,"column":2}},{"start":{"line":6,"column":1},"end":{"line":9,"column":2}}],"line":6}},"s":{"0":2,"1":4,"2":4,"3":4,"4":1,"5":3,"6":1,"7":1,"8":2,"9":2,"10":2,"11":1,"12":1},"f":{"0":4,"1":4,"2":4,"3":1,"4":1},"b":{"0":[1,3],"1":[1,2]},"_coverageSchema":"43e27e138ebf9cfc5966b082cf9a028302ed4184","hash":"4bc7e84f297b59c836b8879d2b3e8200eebe6f65"}
,"/Users/chris.vibert/personal/fetch-middleware/src/index.js": {"path":"/Users/chris.vibert/personal/fetch-middleware/src/index.js","statementMap":{},"fnMap":{},"branchMap":{},"s":{},"f":{},"b":{},"_coverageSchema":"43e27e138ebf9cfc5966b082cf9a028302ed4184","hash":"b0265262916d5a0f9aaccbb25e7da930b962760e"}
}
