TN:
SF:/Users/chris.vibert/personal/fetch-middleware/src/fetch-action.js
FN:1,(anonymous_0)
FNF:1
FNH:1
FNDA:1,(anonymous_0)
DA:1,2
LF:1
LH:1
BRF:0
BRH:0
end_of_record
TN:
SF:/Users/chris.vibert/personal/fetch-middleware/src/fetch-middleware.js
FN:1,(anonymous_0)
FN:1,(anonymous_1)
FN:1,(anonymous_2)
FN:16,(anonymous_3)
FN:21,(anonymous_4)
FNF:5
FNH:5
FNDA:4,(anonymous_0)
FNDA:4,(anonymous_1)
FNDA:4,(anonymous_2)
FNDA:1,(anonymous_3)
FNDA:1,(anonymous_4)
DA:1,4
DA:2,4
DA:3,1
DA:6,3
DA:7,1
DA:8,1
DA:11,2
DA:13,2
DA:15,2
DA:17,1
DA:22,1
LF:11
LH:11
BRDA:2,0,0,1
BRDA:2,0,1,3
BRDA:6,1,0,1
BRDA:6,1,1,2
BRF:4
BRH:4
end_of_record
TN:
SF:/Users/chris.vibert/personal/fetch-middleware/src/index.js
FNF:0
FNH:0
LF:0
LH:0
BRF:0
BRH:0
end_of_record
